app/build/intermediates/manifest_merge_blame_file/debug/processDebugMainManifest/manifest-merger-blame-debug-report.txt
1<?xml version="1.0" encoding="utf-8"?>
2<manifest xmlns:android="http://schemas.android.com/apk/res/android"
3    package="com.already.app"
4    android:versionCode="2"
5    android:versionName="1.1.0" >
6
7    <uses-sdk
8        android:minSdkVersion="26"
9        android:targetSdkVersion="35" />
10
11    <uses-permission android:name="android.permission.INTERNET" />
11-->src\main\AndroidManifest.xml:3:5-67
11-->src\main\AndroidManifest.xml:3:22-64
12    <uses-permission android:name="android.permission.ACCESS_NETWORK_STATE" />
12-->src\main\AndroidManifest.xml:4:5-79
12-->src\main\AndroidManifest.xml:4:22-76
13    <uses-permission android:name="android.permission.POST_NOTIFICATIONS" />
13-->src\main\AndroidManifest.xml:5:5-77
13-->src\main\AndroidManifest.xml:5:22-74
14    <uses-permission android:name="android.permission.USE_BIOMETRIC" />
14-->src\main\AndroidManifest.xml:6:5-72
14-->src\main\AndroidManifest.xml:6:22-69
15
16    <!-- suppress DeprecatedClassUsageInspection -->
17    <uses-permission android:name="android.permission.USE_FINGERPRINT" />
17-->[androidx.biometric:biometric:1.1.0] AndroidManifest.xml:27:5-74
17-->[androidx.biometric:biometric:1.1.0] AndroidManifest.xml:27:22-71
18    <uses-permission android:name="com.google.android.gms.permission.AD_ID" />
18-->[com.google.android.gms:play-services-ads-api:24.7.0] AndroidManifest.xml:26:5-79
18-->[com.google.android.gms:play-services-ads-api:24.7.0] AndroidManifest.xml:26:22-76
19    <uses-permission android:name="android.permission.ACCESS_ADSERVICES_AD_ID" />
19-->[com.google.android.gms:play-services-ads-api:24.7.0] AndroidManifest.xml:27:5-82
19-->[com.google.android.gms:play-services-ads-api:24.7.0] AndroidManifest.xml:27:22-79
20    <uses-permission android:name="android.permission.ACCESS_ADSERVICES_ATTRIBUTION" />
20-->[com.google.android.gms:play-services-ads-api:24.7.0] AndroidManifest.xml:28:5-88
20-->[com.google.android.gms:play-services-ads-api:24.7.0] AndroidManifest.xml:28:22-85
21    <uses-permission android:name="android.permission.ACCESS_ADSERVICES_TOPICS" /> <!-- Android package visibility setting -->
21-->[com.google.android.gms:play-services-ads-api:24.7.0] AndroidManifest.xml:29:5-83
21-->[com.google.android.gms:play-services-ads-api:24.7.0] AndroidManifest.xml:29:22-80
22    <queries>
22-->[com.google.android.gms:play-services-ads-api:24.7.0] AndroidManifest.xml:35:5-68:15
23
24        <!-- For browser content -->
25        <intent>
25-->[com.google.android.gms:play-services-ads-api:24.7.0] AndroidManifest.xml:38:9-44:18
26            <action android:name="android.intent.action.VIEW" />
26-->[com.google.android.gms:play-services-ads-api:24.7.0] AndroidManifest.xml:39:13-65
26-->[com.google.android.gms:play-services-ads-api:24.7.0] AndroidManifest.xml:39:21-62
27
28            <category android:name="android.intent.category.BROWSABLE" />
28-->[com.google.android.gms:play-services-ads-api:24.7.0] AndroidManifest.xml:41:13-74
28-->[com.google.android.gms:play-services-ads-api:24.7.0] AndroidManifest.xml:41:23-71
29
30            <data android:scheme="https" />
30-->[com.google.android.gms:play-services-ads-api:24.7.0] AndroidManifest.xml:43:13-44
30-->[com.google.android.gms:play-services-ads-api:24.7.0] AndroidManifest.xml:43:19-41
31        </intent>
32        <!-- End of browser content -->
33        <!-- For CustomTabsService -->
34        <intent>
34-->[com.google.android.gms:play-services-ads-api:24.7.0] AndroidManifest.xml:47:9-49:18
35            <action android:name="android.support.customtabs.action.CustomTabsService" />
35-->[com.google.android.gms:play-services-ads-api:24.7.0] AndroidManifest.xml:48:13-90
35-->[com.google.android.gms:play-services-ads-api:24.7.0] AndroidManifest.xml:48:21-87
36        </intent>
37        <!-- End of CustomTabsService -->
38        <!-- For MRAID capabilities -->
39        <intent>
39-->[com.google.android.gms:play-services-ads-api:24.7.0] AndroidManifest.xml:52:9-56:18
40            <action android:name="android.intent.action.INSERT" />
40-->[com.google.android.gms:play-services-ads-api:24.7.0] AndroidManifest.xml:53:13-67
40-->[com.google.android.gms:play-services-ads-api:24.7.0] AndroidManifest.xml:53:21-64
41
42            <data android:mimeType="vnd.android.cursor.dir/event" />
42-->[com.google.android.gms:play-services-ads-api:24.7.0] AndroidManifest.xml:43:13-44
43        </intent>
44        <intent>
44-->[com.google.android.gms:play-services-ads-api:24.7.0] AndroidManifest.xml:57:9-61:18
45            <action android:name="android.intent.action.VIEW" />
45-->[com.google.android.gms:play-services-ads-api:24.7.0] AndroidManifest.xml:39:13-65
45-->[com.google.android.gms:play-services-ads-api:24.7.0] AndroidManifest.xml:39:21-62
46
47            <data android:scheme="sms" />
47-->[com.google.android.gms:play-services-ads-api:24.7.0] AndroidManifest.xml:43:13-44
47-->[com.google.android.gms:play-services-ads-api:24.7.0] AndroidManifest.xml:43:19-41
48        </intent>
49        <intent>
49-->[com.google.android.gms:play-services-ads-api:24.7.0] AndroidManifest.xml:62:9-66:18
50            <action android:name="android.intent.action.DIAL" />
50-->[com.google.android.gms:play-services-ads-api:24.7.0] AndroidManifest.xml:63:13-65
50-->[com.google.android.gms:play-services-ads-api:24.7.0] AndroidManifest.xml:63:21-62
51
52            <data android:path="tel:" />
52-->[com.google.android.gms:play-services-ads-api:24.7.0] AndroidManifest.xml:43:13-44
53        </intent>
54        <!-- End of MRAID capabilities -->
55        <intent>
55-->[com.android.billingclient:billing:8.0.0] AndroidManifest.xml:13:9-15:18
56            <action android:name="com.android.vending.billing.InAppBillingService.BIND" />
56-->[com.android.billingclient:billing:8.0.0] AndroidManifest.xml:14:13-91
56-->[com.android.billingclient:billing:8.0.0] AndroidManifest.xml:14:21-88
57        </intent>
58        <intent>
58-->[com.android.billingclient:billing:8.0.0] AndroidManifest.xml:16:9-18:18
59            <action android:name="com.google.android.apps.play.billingtestcompanion.BillingOverrideService.BIND" />
59-->[com.android.billingclient:billing:8.0.0] AndroidManifest.xml:17:13-116
59-->[com.android.billingclient:billing:8.0.0] AndroidManifest.xml:17:21-113
60        </intent>
61    </queries>
62
63    <uses-permission android:name="com.android.vending.BILLING" />
63-->[com.android.billingclient:billing-ktx:8.0.0] AndroidManifest.xml:9:5-67
63-->[com.android.billingclient:billing-ktx:8.0.0] AndroidManifest.xml:9:22-64
64    <uses-permission android:name="android.permission.WAKE_LOCK" />
64-->[com.google.android.gms:play-services-measurement-sdk-api:20.1.2] AndroidManifest.xml:25:5-68
64-->[com.google.android.gms:play-services-measurement-sdk-api:20.1.2] AndroidManifest.xml:25:22-65
65    <uses-permission android:name="android.permission.FOREGROUND_SERVICE" />
65-->[androidx.work:work-runtime:2.7.0] AndroidManifest.xml:28:5-77
65-->[androidx.work:work-runtime:2.7.0] AndroidManifest.xml:28:22-74
66
67    <permission
67-->[androidx.core:core:1.15.0] AndroidManifest.xml:22:5-24:47
68        android:name="com.already.app.DYNAMIC_RECEIVER_NOT_EXPORTED_PERMISSION"
68-->[androidx.core:core:1.15.0] AndroidManifest.xml:23:9-81
69        android:protectionLevel="signature" />
69-->[androidx.core:core:1.15.0] AndroidManifest.xml:24:9-44
70
71    <uses-permission android:name="com.already.app.DYNAMIC_RECEIVER_NOT_EXPORTED_PERMISSION" />
71-->[androidx.core:core:1.15.0] AndroidManifest.xml:26:5-97
71-->[androidx.core:core:1.15.0] AndroidManifest.xml:26:22-94
72
73    <application
73-->src\main\AndroidManifest.xml:8:5-38:19
74        android:name="com.futureself.FutureSelfApplication"
74-->src\main\AndroidManifest.xml:9:9-60
75        android:allowBackup="false"
75-->src\main\AndroidManifest.xml:10:9-36
76        android:appComponentFactory="androidx.core.app.CoreComponentFactory"
76-->[androidx.core:core:1.15.0] AndroidManifest.xml:28:18-86
77        android:dataExtractionRules="@xml/data_extraction_rules"
77-->src\main\AndroidManifest.xml:11:9-65
78        android:debuggable="true"
79        android:extractNativeLibs="false"
80        android:fullBackupContent="@xml/backup_rules"
80-->src\main\AndroidManifest.xml:12:9-54
81        android:icon="@mipmap/ic_already_launcher"
81-->src\main\AndroidManifest.xml:13:9-51
82        android:label="@string/app_name"
82-->src\main\AndroidManifest.xml:14:9-41
83        android:localeConfig="@xml/locales_config"
83-->src\main\AndroidManifest.xml:15:9-51
84        android:networkSecurityConfig="@xml/network_security_config"
84-->src\main\AndroidManifest.xml:16:9-69
85        android:roundIcon="@mipmap/ic_already_launcher_round"
85-->src\main\AndroidManifest.xml:17:9-62
86        android:supportsRtl="true"
86-->src\main\AndroidManifest.xml:18:9-35
87        android:theme="@style/Theme.Already"
87-->src\main\AndroidManifest.xml:20:9-45
88        android:usesCleartextTraffic="false" >
88-->src\main\AndroidManifest.xml:19:9-45
89        <meta-data
89-->src\main\AndroidManifest.xml:21:9-23:52
90            android:name="com.google.android.gms.ads.APPLICATION_ID"
90-->src\main\AndroidManifest.xml:22:13-69
91            android:value="@string/admob_app_id" />
91-->src\main\AndroidManifest.xml:23:13-49
92
93        <activity
93-->src\main\AndroidManifest.xml:24:9-33:20
94            android:name="com.futureself.FutureSelfMainActivity"
94-->src\main\AndroidManifest.xml:25:13-65
95            android:exported="true"
95-->src\main\AndroidManifest.xml:26:13-36
96            android:launchMode="singleTop" >
96-->src\main\AndroidManifest.xml:27:13-43
97            <intent-filter>
97-->src\main\AndroidManifest.xml:28:13-32:29
98                <action android:name="android.intent.action.MAIN" />
98-->src\main\AndroidManifest.xml:29:17-69
98-->src\main\AndroidManifest.xml:29:25-66
99
100                <category android:name="android.intent.category.LAUNCHER" />
100-->src\main\AndroidManifest.xml:31:17-77
100-->src\main\AndroidManifest.xml:31:27-74
101            </intent-filter>
102        </activity>
103
104        <receiver
104-->src\main\AndroidManifest.xml:34:9-36:40
105            android:name="com.futureself.core.notifications.FutureSelfReminderReceiver"
105-->src\main\AndroidManifest.xml:35:13-88
106            android:exported="false" />
106-->src\main\AndroidManifest.xml:36:13-37
107
108        <!-- Include the AdActivity and InAppPurchaseActivity configChanges and themes. -->
109        <activity
109-->[com.google.android.gms:play-services-ads-api:24.7.0] AndroidManifest.xml:73:9-79:43
110            android:name="com.google.android.gms.ads.AdActivity"
110-->[com.google.android.gms:play-services-ads-api:24.7.0] AndroidManifest.xml:74:13-65
111            android:configChanges="keyboard|keyboardHidden|orientation|screenLayout|uiMode|screenSize|smallestScreenSize"
111-->[com.google.android.gms:play-services-ads-api:24.7.0] AndroidManifest.xml:75:13-122
112            android:enableOnBackInvokedCallback="false"
112-->[com.google.android.gms:play-services-ads-api:24.7.0] AndroidManifest.xml:76:13-56
113            android:exported="false"
113-->[com.google.android.gms:play-services-ads-api:24.7.0] AndroidManifest.xml:77:13-37
114            android:theme="@android:style/Theme.Translucent" />
114-->[com.google.android.gms:play-services-ads-api:24.7.0] AndroidManifest.xml:78:13-61
115
116        <provider
116-->[com.google.android.gms:play-services-ads-api:24.7.0] AndroidManifest.xml:81:9-86:43
117            android:name="com.google.android.gms.ads.MobileAdsInitProvider"
117-->[com.google.android.gms:play-services-ads-api:24.7.0] AndroidManifest.xml:82:13-76
118            android:authorities="com.already.app.mobileadsinitprovider"
118-->[com.google.android.gms:play-services-ads-api:24.7.0] AndroidManifest.xml:83:13-73
119            android:exported="false"
119-->[com.google.android.gms:play-services-ads-api:24.7.0] AndroidManifest.xml:84:13-37
120            android:initOrder="100" />
120-->[com.google.android.gms:play-services-ads-api:24.7.0] AndroidManifest.xml:85:13-36
121
122        <service
122-->[com.google.android.gms:play-services-ads-api:24.7.0] AndroidManifest.xml:88:9-92:43
123            android:name="com.google.android.gms.ads.AdService"
123-->[com.google.android.gms:play-services-ads-api:24.7.0] AndroidManifest.xml:89:13-64
124            android:enabled="true"
124-->[com.google.android.gms:play-services-ads-api:24.7.0] AndroidManifest.xml:90:13-35
125            android:exported="false" />
125-->[com.google.android.gms:play-services-ads-api:24.7.0] AndroidManifest.xml:91:13-37
126
127        <activity
127-->[com.google.android.gms:play-services-ads-api:24.7.0] AndroidManifest.xml:94:9-98:43
128            android:name="com.google.android.gms.ads.OutOfContextTestingActivity"
128-->[com.google.android.gms:play-services-ads-api:24.7.0] AndroidManifest.xml:95:13-82
129            android:configChanges="keyboard|keyboardHidden|orientation|screenLayout|uiMode|screenSize|smallestScreenSize"
129-->[com.google.android.gms:play-services-ads-api:24.7.0] AndroidManifest.xml:96:13-122
130            android:exported="false" />
130-->[com.google.android.gms:play-services-ads-api:24.7.0] AndroidManifest.xml:97:13-37
131        <activity
131-->[com.google.android.gms:play-services-ads-api:24.7.0] AndroidManifest.xml:99:9-106:43
132            android:name="com.google.android.gms.ads.NotificationHandlerActivity"
132-->[com.google.android.gms:play-services-ads-api:24.7.0] AndroidManifest.xml:100:13-82
133            android:excludeFromRecents="true"
133-->[com.google.android.gms:play-services-ads-api:24.7.0] AndroidManifest.xml:101:13-46
134            android:exported="false"
134-->[com.google.android.gms:play-services-ads-api:24.7.0] AndroidManifest.xml:102:13-37
135            android:launchMode="singleTask"
135-->[com.google.android.gms:play-services-ads-api:24.7.0] AndroidManifest.xml:103:13-44
136            android:taskAffinity=""
136-->[com.google.android.gms:play-services-ads-api:24.7.0] AndroidManifest.xml:104:13-36
137            android:theme="@android:style/Theme.Translucent.NoTitleBar" />
137-->[com.google.android.gms:play-services-ads-api:24.7.0] AndroidManifest.xml:105:13-72
138
139        <meta-data
139-->[com.google.android.gms:play-services-ads-api:24.7.0] AndroidManifest.xml:108:9-110:36
140            android:name="com.google.android.gms.ads.flag.OPTIMIZE_AD_LOADING"
140-->[com.google.android.gms:play-services-ads-api:24.7.0] AndroidManifest.xml:109:13-79
141            android:value="true" />
141-->[com.google.android.gms:play-services-ads-api:24.7.0] AndroidManifest.xml:110:13-33
142        <meta-data
142-->[com.google.android.gms:play-services-ads-api:24.7.0] AndroidManifest.xml:111:9-113:36
143            android:name="com.google.android.gms.ads.flag.OPTIMIZE_INITIALIZATION"
143-->[com.google.android.gms:play-services-ads-api:24.7.0] AndroidManifest.xml:112:13-83
144            android:value="true" />
144-->[com.google.android.gms:play-services-ads-api:24.7.0] AndroidManifest.xml:113:13-33
145        <meta-data
145-->[com.android.billingclient:billing:8.0.0] AndroidManifest.xml:22:9-24:37
146            android:name="com.google.android.play.billingclient.version"
146-->[com.android.billingclient:billing:8.0.0] AndroidManifest.xml:23:13-73
147            android:value="8.0.0" />
147-->[com.android.billingclient:billing:8.0.0] AndroidManifest.xml:24:13-34
148
149        <activity
149-->[com.android.billingclient:billing:8.0.0] AndroidManifest.xml:26:9-30:75
150            android:name="com.android.billingclient.api.ProxyBillingActivity"
150-->[com.android.billingclient:billing:8.0.0] AndroidManifest.xml:27:13-78
151            android:configChanges="keyboard|keyboardHidden|screenLayout|screenSize|orientation"
151-->[com.android.billingclient:billing:8.0.0] AndroidManifest.xml:28:13-96
152            android:exported="false"
152-->[com.android.billingclient:billing:8.0.0] AndroidManifest.xml:29:13-37
153            android:theme="@android:style/Theme.Translucent.NoTitleBar" />
153-->[com.android.billingclient:billing:8.0.0] AndroidManifest.xml:30:13-72
154        <activity
154-->[com.android.billingclient:billing:8.0.0] AndroidManifest.xml:31:9-35:75
155            android:name="com.android.billingclient.api.ProxyBillingActivityV2"
155-->[com.android.billingclient:billing:8.0.0] AndroidManifest.xml:32:13-80
156            android:configChanges="keyboard|keyboardHidden|screenLayout|screenSize|orientation"
156-->[com.android.billingclient:billing:8.0.0] AndroidManifest.xml:33:13-96
157            android:exported="false"
157-->[com.android.billingclient:billing:8.0.0] AndroidManifest.xml:34:13-37
158            android:theme="@android:style/Theme.Translucent.NoTitleBar" />
158-->[com.android.billingclient:billing:8.0.0] AndroidManifest.xml:35:13-72
159        <activity
159-->[com.google.android.gms:play-services-base:18.5.0] AndroidManifest.xml:5:9-173
160            android:name="com.google.android.gms.common.api.GoogleApiActivity"
160-->[com.google.android.gms:play-services-base:18.5.0] AndroidManifest.xml:5:19-85
161            android:exported="false"
161-->[com.google.android.gms:play-services-base:18.5.0] AndroidManifest.xml:5:146-170
162            android:theme="@android:style/Theme.Translucent.NoTitleBar" />
162-->[com.google.android.gms:play-services-base:18.5.0] AndroidManifest.xml:5:86-145
163
164        <meta-data
164-->[com.google.android.gms:play-services-basement:18.4.0] AndroidManifest.xml:6:9-122
165            android:name="com.google.android.gms.version"
165-->[com.google.android.gms:play-services-basement:18.4.0] AndroidManifest.xml:6:20-65
166            android:value="@integer/google_play_services_version" />
166-->[com.google.android.gms:play-services-basement:18.4.0] AndroidManifest.xml:6:66-119
167
168        <activity
168-->[androidx.compose.ui:ui-tooling-android:1.7.8] AndroidManifest.xml:23:9-25:39
169            android:name="androidx.compose.ui.tooling.PreviewActivity"
169-->[androidx.compose.ui:ui-tooling-android:1.7.8] AndroidManifest.xml:24:13-71
170            android:exported="true" />
170-->[androidx.compose.ui:ui-tooling-android:1.7.8] AndroidManifest.xml:25:13-36
171
172        <provider
172-->[androidx.emoji2:emoji2:1.3.0] AndroidManifest.xml:24:9-32:20
173            android:name="androidx.startup.InitializationProvider"
173-->[androidx.emoji2:emoji2:1.3.0] AndroidManifest.xml:25:13-67
174            android:authorities="com.already.app.androidx-startup"
174-->[androidx.emoji2:emoji2:1.3.0] AndroidManifest.xml:26:13-68
175            android:exported="false" >
175-->[androidx.emoji2:emoji2:1.3.0] AndroidManifest.xml:27:13-37
176            <meta-data
176-->[androidx.emoji2:emoji2:1.3.0] AndroidManifest.xml:29:13-31:52
177                android:name="androidx.emoji2.text.EmojiCompatInitializer"
177-->[androidx.emoji2:emoji2:1.3.0] AndroidManifest.xml:30:17-75
178                android:value="androidx.startup" />
178-->[androidx.emoji2:emoji2:1.3.0] AndroidManifest.xml:31:17-49
179            <meta-data
179-->[androidx.work:work-runtime:2.7.0] AndroidManifest.xml:36:13-38:52
180                android:name="androidx.work.WorkManagerInitializer"
180-->[androidx.work:work-runtime:2.7.0] AndroidManifest.xml:37:17-68
181                android:value="androidx.startup" />
181-->[androidx.work:work-runtime:2.7.0] AndroidManifest.xml:38:17-49
182            <meta-data
182-->[androidx.lifecycle:lifecycle-process:2.8.7] AndroidManifest.xml:29:13-31:52
183                android:name="androidx.lifecycle.ProcessLifecycleInitializer"
183-->[androidx.lifecycle:lifecycle-process:2.8.7] AndroidManifest.xml:30:17-78
184                android:value="androidx.startup" />
184-->[androidx.lifecycle:lifecycle-process:2.8.7] AndroidManifest.xml:31:17-49
185            <meta-data
185-->[androidx.profileinstaller:profileinstaller:1.4.0] AndroidManifest.xml:29:13-31:52
186                android:name="androidx.profileinstaller.ProfileInstallerInitializer"
186-->[androidx.profileinstaller:profileinstaller:1.4.0] AndroidManifest.xml:30:17-85
187                android:value="androidx.startup" />
187-->[androidx.profileinstaller:profileinstaller:1.4.0] AndroidManifest.xml:31:17-49
188        </provider>
189
190        <service
190-->[androidx.work:work-runtime:2.7.0] AndroidManifest.xml:41:9-46:35
191            android:name="androidx.work.impl.background.systemalarm.SystemAlarmService"
191-->[androidx.work:work-runtime:2.7.0] AndroidManifest.xml:42:13-88
192            android:directBootAware="false"
192-->[androidx.work:work-runtime:2.7.0] AndroidManifest.xml:43:13-44
193            android:enabled="@bool/enable_system_alarm_service_default"
193-->[androidx.work:work-runtime:2.7.0] AndroidManifest.xml:44:13-72
194            android:exported="false" />
194-->[androidx.work:work-runtime:2.7.0] AndroidManifest.xml:45:13-37
195        <service
195-->[androidx.work:work-runtime:2.7.0] AndroidManifest.xml:47:9-53:35
196            android:name="androidx.work.impl.background.systemjob.SystemJobService"
196-->[androidx.work:work-runtime:2.7.0] AndroidManifest.xml:48:13-84
197            android:directBootAware="false"
197-->[androidx.work:work-runtime:2.7.0] AndroidManifest.xml:49:13-44
198            android:enabled="@bool/enable_system_job_service_default"
198-->[androidx.work:work-runtime:2.7.0] AndroidManifest.xml:50:13-70
199            android:exported="true"
199-->[androidx.work:work-runtime:2.7.0] AndroidManifest.xml:51:13-36
200            android:permission="android.permission.BIND_JOB_SERVICE" />
200-->[androidx.work:work-runtime:2.7.0] AndroidManifest.xml:52:13-69
201        <service
201-->[androidx.work:work-runtime:2.7.0] AndroidManifest.xml:54:9-59:35
202            android:name="androidx.work.impl.foreground.SystemForegroundService"
202-->[androidx.work:work-runtime:2.7.0] AndroidManifest.xml:55:13-81
203            android:directBootAware="false"
203-->[androidx.work:work-runtime:2.7.0] AndroidManifest.xml:56:13-44
204            android:enabled="@bool/enable_system_foreground_service_default"
204-->[androidx.work:work-runtime:2.7.0] AndroidManifest.xml:57:13-77
205            android:exported="false" />
205-->[androidx.work:work-runtime:2.7.0] AndroidManifest.xml:58:13-37
206
207        <receiver
207-->[androidx.work:work-runtime:2.7.0] AndroidManifest.xml:61:9-66:35
208            android:name="androidx.work.impl.utils.ForceStopRunnable$BroadcastReceiver"
208-->[androidx.work:work-runtime:2.7.0] AndroidManifest.xml:62:13-88
209            android:directBootAware="false"
209-->[androidx.work:work-runtime:2.7.0] AndroidManifest.xml:63:13-44
210            android:enabled="true"
210-->[androidx.work:work-runtime:2.7.0] AndroidManifest.xml:64:13-35
211            android:exported="false" />
211-->[androidx.work:work-runtime:2.7.0] AndroidManifest.xml:65:13-37
212        <receiver
212-->[androidx.work:work-runtime:2.7.0] AndroidManifest.xml:67:9-77:20
213            android:name="androidx.work.impl.background.systemalarm.ConstraintProxy$BatteryChargingProxy"
213-->[androidx.work:work-runtime:2.7.0] AndroidManifest.xml:68:13-106
214            android:directBootAware="false"
214-->[androidx.work:work-runtime:2.7.0] AndroidManifest.xml:69:13-44
215            android:enabled="false"
215-->[androidx.work:work-runtime:2.7.0] AndroidManifest.xml:70:13-36
216            android:exported="false" >
216-->[androidx.work:work-runtime:2.7.0] AndroidManifest.xml:71:13-37
217            <intent-filter>
217-->[androidx.work:work-runtime:2.7.0] AndroidManifest.xml:73:13-76:29
218                <action android:name="android.intent.action.ACTION_POWER_CONNECTED" />
218-->[androidx.work:work-runtime:2.7.0] AndroidManifest.xml:74:17-87
218-->[androidx.work:work-runtime:2.7.0] AndroidManifest.xml:74:25-84
219                <action android:name="android.intent.action.ACTION_POWER_DISCONNECTED" />
219-->[androidx.work:work-runtime:2.7.0] AndroidManifest.xml:75:17-90
219-->[androidx.work:work-runtime:2.7.0] AndroidManifest.xml:75:25-87
220            </intent-filter>
221        </receiver>
222        <receiver
222-->[androidx.work:work-runtime:2.7.0] AndroidManifest.xml:78:9-88:20
223            android:name="androidx.work.impl.background.systemalarm.ConstraintProxy$BatteryNotLowProxy"
223-->[androidx.work:work-runtime:2.7.0] AndroidManifest.xml:79:13-104
224            android:directBootAware="false"
224-->[androidx.work:work-runtime:2.7.0] AndroidManifest.xml:80:13-44
225            android:enabled="false"
225-->[androidx.work:work-runtime:2.7.0] AndroidManifest.xml:81:13-36
226            android:exported="false" >
226-->[androidx.work:work-runtime:2.7.0] AndroidManifest.xml:82:13-37
227            <intent-filter>
227-->[androidx.work:work-runtime:2.7.0] AndroidManifest.xml:84:13-87:29
228                <action android:name="android.intent.action.BATTERY_OKAY" />
228-->[androidx.work:work-runtime:2.7.0] AndroidManifest.xml:85:17-77
228-->[androidx.work:work-runtime:2.7.0] AndroidManifest.xml:85:25-74
229                <action android:name="android.intent.action.BATTERY_LOW" />
229-->[androidx.work:work-runtime:2.7.0] AndroidManifest.xml:86:17-76
229-->[androidx.work:work-runtime:2.7.0] AndroidManifest.xml:86:25-73
230            </intent-filter>
231        </receiver>
232        <receiver
232-->[androidx.work:work-runtime:2.7.0] AndroidManifest.xml:89:9-99:20
233            android:name="androidx.work.impl.background.systemalarm.ConstraintProxy$StorageNotLowProxy"
233-->[androidx.work:work-runtime:2.7.0] AndroidManifest.xml:90:13-104
234            android:directBootAware="false"
234-->[androidx.work:work-runtime:2.7.0] AndroidManifest.xml:91:13-44
235            android:enabled="false"
235-->[androidx.work:work-runtime:2.7.0] AndroidManifest.xml:92:13-36
236            android:exported="false" >
236-->[androidx.work:work-runtime:2.7.0] AndroidManifest.xml:93:13-37
237            <intent-filter>
237-->[androidx.work:work-runtime:2.7.0] AndroidManifest.xml:95:13-98:29
238                <action android:name="android.intent.action.DEVICE_STORAGE_LOW" />
238-->[androidx.work:work-runtime:2.7.0] AndroidManifest.xml:96:17-83
238-->[androidx.work:work-runtime:2.7.0] AndroidManifest.xml:96:25-80
239                <action android:name="android.intent.action.DEVICE_STORAGE_OK" />
239-->[androidx.work:work-runtime:2.7.0] AndroidManifest.xml:97:17-82
239-->[androidx.work:work-runtime:2.7.0] AndroidManifest.xml:97:25-79
240            </intent-filter>
241        </receiver>
242        <receiver
242-->[androidx.work:work-runtime:2.7.0] AndroidManifest.xml:100:9-109:20
243            android:name="androidx.work.impl.background.systemalarm.ConstraintProxy$NetworkStateProxy"
243-->[androidx.work:work-runtime:2.7.0] AndroidManifest.xml:101:13-103
244            android:directBootAware="false"
244-->[androidx.work:work-runtime:2.7.0] AndroidManifest.xml:102:13-44
245            android:enabled="false"
245-->[androidx.work:work-runtime:2.7.0] AndroidManifest.xml:103:13-36
246            android:exported="false" >
246-->[androidx.work:work-runtime:2.7.0] AndroidManifest.xml:104:13-37
247            <intent-filter>
247-->[androidx.work:work-runtime:2.7.0] AndroidManifest.xml:106:13-108:29
248                <action android:name="android.net.conn.CONNECTIVITY_CHANGE" />
248-->[androidx.work:work-runtime:2.7.0] AndroidManifest.xml:107:17-79
248-->[androidx.work:work-runtime:2.7.0] AndroidManifest.xml:107:25-76
249            </intent-filter>
250        </receiver>
251        <receiver
251-->[androidx.work:work-runtime:2.7.0] AndroidManifest.xml:110:9-121:20
252            android:name="androidx.work.impl.background.systemalarm.RescheduleReceiver"
252-->[androidx.work:work-runtime:2.7.0] AndroidManifest.xml:111:13-88
253            android:directBootAware="false"
253-->[androidx.work:work-runtime:2.7.0] AndroidManifest.xml:112:13-44
254            android:enabled="false"
254-->[androidx.work:work-runtime:2.7.0] AndroidManifest.xml:113:13-36
255            android:exported="false" >
255-->[androidx.work:work-runtime:2.7.0] AndroidManifest.xml:114:13-37
256            <intent-filter>
256-->[androidx.work:work-runtime:2.7.0] AndroidManifest.xml:116:13-120:29
257                <action android:name="android.intent.action.BOOT_COMPLETED" />
257-->[androidx.work:work-runtime:2.7.0] AndroidManifest.xml:117:17-79
257-->[androidx.work:work-runtime:2.7.0] AndroidManifest.xml:117:25-76
258                <action android:name="android.intent.action.TIME_SET" />
258-->[androidx.work:work-runtime:2.7.0] AndroidManifest.xml:118:17-73
258-->[androidx.work:work-runtime:2.7.0] AndroidManifest.xml:118:25-70
259                <action android:name="android.intent.action.TIMEZONE_CHANGED" />
259-->[androidx.work:work-runtime:2.7.0] AndroidManifest.xml:119:17-81
259-->[androidx.work:work-runtime:2.7.0] AndroidManifest.xml:119:25-78
260            </intent-filter>
261        </receiver>
262        <receiver
262-->[androidx.work:work-runtime:2.7.0] AndroidManifest.xml:122:9-131:20
263            android:name="androidx.work.impl.background.systemalarm.ConstraintProxyUpdateReceiver"
263-->[androidx.work:work-runtime:2.7.0] AndroidManifest.xml:123:13-99
264            android:directBootAware="false"
264-->[androidx.work:work-runtime:2.7.0] AndroidManifest.xml:124:13-44
265            android:enabled="@bool/enable_system_alarm_service_default"
265-->[androidx.work:work-runtime:2.7.0] AndroidManifest.xml:125:13-72
266            android:exported="false" >
266-->[androidx.work:work-runtime:2.7.0] AndroidManifest.xml:126:13-37
267            <intent-filter>
267-->[androidx.work:work-runtime:2.7.0] AndroidManifest.xml:128:13-130:29
268                <action android:name="androidx.work.impl.background.systemalarm.UpdateProxies" />
268-->[androidx.work:work-runtime:2.7.0] AndroidManifest.xml:129:17-98